mode: set
github.com/Pavel90544/VSRPP/lab5/internal/pkg/cache/memory.go:20.36,24.2 1 1
github.com/Pavel90544/VSRPP/lab5/internal/pkg/cache/memory.go:26.83,31.19 4 1
github.com/Pavel90544/VSRPP/lab5/internal/pkg/cache/memory.go:31.19,33.6 1 0
github.com/Pavel90544/VSRPP/lab5/internal/pkg/cache/memory.go:35.5,39.15 2 1
github.com/Pavel90544/VSRPP/lab5/internal/pkg/cache/memory.go:42.64,47.16 4 1
github.com/Pavel90544/VSRPP/lab5/internal/pkg/cache/memory.go:47.16,49.6 1 1
github.com/Pavel90544/VSRPP/lab5/internal/pkg/cache/memory.go:51.5,51.42 1 1
github.com/Pavel90544/VSRPP/lab5/internal/pkg/cache/memory.go:51.42,54.6 2 1
github.com/Pavel90544/VSRPP/lab5/internal/pkg/cache/memory.go:56.5,56.45 1 1
github.com/Pavel90544/VSRPP/lab5/internal/pkg/cache/memory.go:59.48,64.2 4 1
github.com/Pavel90544/VSRPP/lab5/internal/pkg/cache/memory.go:66.37,71.2 4 1
github.com/Pavel90544/VSRPP/lab5/internal/pkg/cache/memory.go:73.47,78.16 4 1
github.com/Pavel90544/VSRPP/lab5/internal/pkg/cache/memory.go:78.16,80.6 1 1
github.com/Pavel90544/VSRPP/lab5/internal/pkg/cache/memory.go:81.5,81.46 1 1
github.com/Pavel90544/VSRPP/lab5/internal/pkg/cache/memory.go:84.37,87.2 2 1
github.com/Pavel90544/VSRPP/lab5/internal/pkg/cache/redis.go:18.91,27.50 3 1
github.com/Pavel90544/VSRPP/lab5/internal/pkg/cache/redis.go:27.50,29.6 1 0
github.com/Pavel90544/VSRPP/lab5/internal/pkg/cache/redis.go:31.5,35.11 1 1
github.com/Pavel90544/VSRPP/lab5/internal/pkg/cache/redis.go:38.82,39.17 1 1
github.com/Pavel90544/VSRPP/lab5/internal/pkg/cache/redis.go:39.17,41.6 1 1
github.com/Pavel90544/VSRPP/lab5/internal/pkg/cache/redis.go:43.5,44.19 2 1
github.com/Pavel90544/VSRPP/lab5/internal/pkg/cache/redis.go:44.19,46.6 1 0
github.com/Pavel90544/VSRPP/lab5/internal/pkg/cache/redis.go:48.5,48.53 1 1
github.com/Pavel90544/VSRPP/lab5/internal/pkg/cache/redis.go:51.63,53.19 2 1
github.com/Pavel90544/VSRPP/lab5/internal/pkg/cache/redis.go:53.19,54.29 1 1
github.com/Pavel90544/VSRPP/lab5/internal/pkg/cache/redis.go:54.29,56.10 1 1
github.com/Pavel90544/VSRPP/lab5/internal/pkg/cache/redis.go:57.9,57.19 1 0
github.com/Pavel90544/VSRPP/lab5/internal/pkg/cache/redis.go:60.5,60.39 1 1
github.com/Pavel90544/VSRPP/lab5/internal/pkg/cache/redis.go:63.47,65.2 1 1
github.com/Pavel90544/VSRPP/lab5/internal/pkg/cache/redis.go:67.36,69.2 1 1
github.com/Pavel90544/VSRPP/lab5/internal/pkg/cache/redis.go:71.46,74.2 2 1
github.com/Pavel90544/VSRPP/lab5/internal/pkg/cache/redis.go:76.36,78.2 1 1
